TN:
SF:client/src/carousel.jsx
FN:6,(anonymous_0)
FN:14,(anonymous_1)
FN:16,(anonymous_2)
FN:22,(anonymous_3)
FN:27,(anonymous_4)
FN:30,(anonymous_5)
FN:34,(anonymous_6)
FNF:7
FNH:4
FNDA:2,(anonymous_0)
FNDA:2,(anonymous_1)
FNDA:0,(anonymous_2)
FNDA:0,(anonymous_3)
FNDA:2,(anonymous_4)
FNDA:2,(anonymous_5)
FNDA:0,(anonymous_6)
DA:7,2
DA:8,2
DA:11,2
DA:15,2
DA:17,0
DA:18,0
DA:23,0
DA:28,2
DA:31,2
DA:34,0
LF:10
LH:6
BRF:0
BRH:0
end_of_record
TN:
SF:client/src/carouselEntry.jsx
FN:3,(anonymous_0)
FNF:1
FNH:0
FNDA:0,(anonymous_0)
DA:3,2
DA:4,0
LF:2
LH:1
BRF:0
BRH:0
end_of_record
